2023-12-19 21:12:638 INFO  ManageBrowser :30 - Launching Chrome Browser.....
2023-12-19 21:12:743 INFO  ManageBrowser :30 - Launching Chrome Browser.....
2023-12-19 21:12:773 INFO  ManageBrowser :30 - Launching Chrome Browser.....
2023-12-19 21:12:780 INFO  ManageBrowser :30 - Launching Chrome Browser.....
2023-12-19 21:12:745 INFO  ManageBrowser :30 - Launching Chrome Browser.....
2023-12-19 21:12:670 INFO  ManageBrowser :30 - Launching Chrome Browser.....
2023-12-19 21:12:760 INFO  ManageBrowser :30 - Launching Chrome Browser.....
2023-12-19 21:12:808 INFO  ManageBrowser :30 - Launching Chrome Browser.....
2023-12-19 21:12:871 INFO  ManageBrowser :30 - Launching Chrome Browser.....
2023-12-19 21:12:937 INFO  ManageBrowser :30 - Launching Chrome Browser.....
2023-12-19 21:12:995 INFO  HomePage :68 - mouse Hover And Click On currency DropDown Menu  : [[ChromeDriver: chrome on windows (9bc949de8af68bfed6aa02acd6415812)] -> xpath: //span[contains(text(),'Currency')]]
2023-12-19 21:12:618 INFO  HomePage :74 - mouse Hover And Click On sterling Pound Currency : [[ChromeDriver: chrome on windows (9bc949de8af68bfed6aa02acd6415812)] -> xpath: //button[normalize-space()='Â£Pound Sterling']]
2023-12-19 21:12:799 INFO  HomePage :79 - mouse Hover And Click On account Link : [[ChromeDriver: chrome on windows (9bc949de8af68bfed6aa02acd6415812)] -> xpath: //span[normalize-space()='My Account']]
2023-12-19 21:12:196 INFO  HomePage :91 - Select Options : Login
2023-12-19 21:12:293 INFO  AccountRegisterPage :71 - Enter an email : [[ChromeDriver: chrome on windows (9bc949de8af68bfed6aa02acd6415812)] -> id: input-email]
2023-12-19 21:12:374 INFO  AccountRegisterPage :86 - Enter password : [[ChromeDriver: chrome on windows (9bc949de8af68bfed6aa02acd6415812)] -> id: input-password]
2023-12-19 21:12:76 INFO  MyAccountPage :61 - Click On Login Button : [[ChromeDriver: chrome on windows (9bc949de8af68bfed6aa02acd6415812)] -> xpath: //input[@value='Login']]
2023-12-19 21:12:91 INFO  MyAccountPage :65 - Verify The Text MyAccount : [[ChromeDriver: chrome on windows (9bc949de8af68bfed6aa02acd6415812)] -> xpath: //h2[normalize-space()='My Account']]
2023-12-19 21:12:695 INFO  HomePage :91 - Select Options : Logout
2023-12-19 21:12:713 INFO  MyAccountPage :50 - Verify Text For Account LogOut : [[ChromeDriver: chrome on windows (9bc949de8af68bfed6aa02acd6415812)] -> xpath: //a[normalize-space()='Logout']]
2023-12-19 21:12:20 INFO  MyAccountPage :56 - Click On Continue LogOut Button : [[ChromeDriver: chrome on windows (9bc949de8af68bfed6aa02acd6415812)] -> xpath: //a[normalize-space()='Continue']]
2023-12-19 21:12:71 INFO  ManageBrowser :30 - Launching Chrome Browser.....
2023-12-19 21:12:195 INFO  HomePage :68 - mouse Hover And Click On currency DropDown Menu  : [[ChromeDriver: chrome on windows (9ee9cde6b78cd47f3e38abb6e92b4c3c)] -> xpath: //span[contains(text(),'Currency')]]
2023-12-19 21:12:834 INFO  HomePage :74 - mouse Hover And Click On sterling Pound Currency : [[ChromeDriver: chrome on windows (9ee9cde6b78cd47f3e38abb6e92b4c3c)] -> xpath: //button[normalize-space()='Â£Pound Sterling']]
2023-12-19 21:12:996 INFO  HomePage :79 - mouse Hover And Click On account Link : [[ChromeDriver: chrome on windows (9ee9cde6b78cd47f3e38abb6e92b4c3c)] -> xpath: //span[normalize-space()='My Account']]
2023-12-19 21:12:613 INFO  HomePage :91 - Select Options : Register
2023-12-19 21:12:629 INFO  AccountRegisterPage :51 - Verify register account link : [[ChromeDriver: chrome on windows (9ee9cde6b78cd47f3e38abb6e92b4c3c)] -> xpath: //h1[normalize-space()='Register Account']]
2023-12-19 21:12:745 INFO  ManageBrowser :30 - Launching Chrome Browser.....
2023-12-19 21:12:881 INFO  HomePage :68 - mouse Hover And Click On currency DropDown Menu  : [[ChromeDriver: chrome on windows (ed855509fdfc1c641f84defbaad4cb74)] -> xpath: //span[contains(text(),'Currency')]]
2023-12-19 21:12:551 INFO  HomePage :74 - mouse Hover And Click On sterling Pound Currency : [[ChromeDriver: chrome on windows (ed855509fdfc1c641f84defbaad4cb74)] -> xpath: //button[normalize-space()='Â£Pound Sterling']]
2023-12-19 21:12:719 INFO  HomePage :79 - mouse Hover And Click On account Link : [[ChromeDriver: chrome on windows (ed855509fdfc1c641f84defbaad4cb74)] -> xpath: //span[normalize-space()='My Account']]
2023-12-19 21:12:131 INFO  HomePage :91 - Select Options : Login
2023-12-19 21:12:149 INFO  AccountRegisterPage :56 - Verify returning customer login link : [[ChromeDriver: chrome on windows (ed855509fdfc1c641f84defbaad4cb74)] -> xpath: //h2[normalize-space()='Returning Customer']]
2023-12-19 21:12:229 INFO  ManageBrowser :30 - Launching Chrome Browser.....
2023-12-19 21:12:342 INFO  HomePage :68 - mouse Hover And Click On currency DropDown Menu  : [[ChromeDriver: chrome on windows (22735e1f1ab9316deefd5ad6b5dd228d)] -> xpath: //span[contains(text(),'Currency')]]
2023-12-19 21:12:945 INFO  HomePage :74 - mouse Hover And Click On sterling Pound Currency : [[ChromeDriver: chrome on windows (22735e1f1ab9316deefd5ad6b5dd228d)] -> xpath: //button[normalize-space()='Â£Pound Sterling']]
2023-12-19 21:12:121 INFO  HomePage :79 - mouse Hover And Click On account Link : [[ChromeDriver: chrome on windows (22735e1f1ab9316deefd5ad6b5dd228d)] -> xpath: //span[normalize-space()='My Account']]
2023-12-19 21:12:718 INFO  HomePage :91 - Select Options : Register
2023-12-19 21:12:809 INFO  AccountRegisterPage :61 - Enter FirstName : [[ChromeDriver: chrome on windows (22735e1f1ab9316deefd5ad6b5dd228d)] -> id: input-firstname]
2023-12-19 21:12:894 INFO  AccountRegisterPage :65 - Enter lastName : [[ChromeDriver: chrome on windows (22735e1f1ab9316deefd5ad6b5dd228d)] -> id: input-lastname]
2023-12-19 21:12:16 INFO  AccountRegisterPage :71 - Enter an email : [[ChromeDriver: chrome on windows (22735e1f1ab9316deefd5ad6b5dd228d)] -> id: input-email]
2023-12-19 21:12:101 INFO  AccountRegisterPage :81 - Enter telephone number : [[ChromeDriver: chrome on windows (22735e1f1ab9316deefd5ad6b5dd228d)] -> id: input-telephone]
2023-12-19 21:12:185 INFO  AccountRegisterPage :86 - Enter password : [[ChromeDriver: chrome on windows (22735e1f1ab9316deefd5ad6b5dd228d)] -> id: input-password]
2023-12-19 21:12:255 INFO  AccountRegisterPage :91 - Enter confirm password : [[ChromeDriver: chrome on windows (22735e1f1ab9316deefd5ad6b5dd228d)] -> xpath: //input[@id='input-confirm']]
2023-12-19 21:12:318 INFO  AccountRegisterPage :96 - Click on Subscribe radio button : [[ChromeDriver: chrome on windows (22735e1f1ab9316deefd5ad6b5dd228d)] -> xpath: //label[normalize-space()='Yes']]
2023-12-19 21:12:390 INFO  AccountRegisterPage :101 - click On Privacy Policy CheckBox : [[ChromeDriver: chrome on windows (22735e1f1ab9316deefd5ad6b5dd228d)] -> css selector: input[value='1'][name='agree']]
2023-12-19 21:12:28 INFO  AccountRegisterPage :106 - click On Continue Button : [[ChromeDriver: chrome on windows (22735e1f1ab9316deefd5ad6b5dd228d)] -> xpath: //input[@value='Continue']]
2023-12-19 21:12:45 INFO  MyAccountPage :35 - Verify The Message Your Account Has Been Created : [[ChromeDriver: chrome on windows (22735e1f1ab9316deefd5ad6b5dd228d)] -> xpath: //h1[normalize-space()='Your Account Has Been Created!']]
2023-12-19 21:12:73 INFO  MyAccountPage :45 - Click On Continue Account Button : [[ChromeDriver: chrome on windows (22735e1f1ab9316deefd5ad6b5dd228d)] -> xpath: //a[contains(text(),'Continue')]]
2023-12-19 21:12:508 INFO  HomePage :79 - mouse Hover And Click On account Link : [[ChromeDriver: chrome on windows (22735e1f1ab9316deefd5ad6b5dd228d)] -> xpath: //span[normalize-space()='My Account']]
2023-12-19 21:12:102 INFO  HomePage :91 - Select Options : Logout
2023-12-19 21:12:122 INFO  MyAccountPage :50 - Verify Text For Account LogOut : [[ChromeDriver: chrome on windows (22735e1f1ab9316deefd5ad6b5dd228d)] -> xpath: //a[normalize-space()='Logout']]
2023-12-19 21:12:435 INFO  MyAccountPage :56 - Click On Continue LogOut Button : [[ChromeDriver: chrome on windows (22735e1f1ab9316deefd5ad6b5dd228d)] -> xpath: //a[normalize-space()='Continue']]
2023-12-19 21:12:661 INFO  ManageBrowser :30 - Launching Chrome Browser.....
2023-12-19 21:12:855 INFO  ManageBrowser :30 - Launching Chrome Browser.....
2023-12-19 21:12:70 INFO  ManageBrowser :30 - Launching Chrome Browser.....
2023-12-19 21:12:97 INFO  ManageBrowser :30 - Launching Chrome Browser.....
2023-12-19 21:12:64 INFO  ManageBrowser :30 - Launching Chrome Browser.....
2023-12-19 21:12:162 INFO  ManageBrowser :30 - Launching Chrome Browser.....
2023-12-19 21:12:206 INFO  ManageBrowser :30 - Launching Chrome Browser.....
2023-12-19 21:12:203 INFO  ManageBrowser :30 - Launching Chrome Browser.....
2023-12-19 21:12:387 INFO  ManageBrowser :30 - Launching Chrome Browser.....
2023-12-19 21:12:426 INFO  ManageBrowser :30 - Launching Chrome Browser.....
2023-12-19 21:12:650 INFO  HomePage :68 - mouse Hover And Click On currency DropDown Menu  : [[ChromeDriver: chrome on windows (3edbc3c2aca6e2d1de9849548e33d66b)] -> xpath: //span[contains(text(),'Currency')]]
2023-12-19 21:12:304 INFO  HomePage :74 - mouse Hover And Click On sterling Pound Currency : [[ChromeDriver: chrome on windows (3edbc3c2aca6e2d1de9849548e33d66b)] -> xpath: //button[normalize-space()='£Pound Sterling']]
2023-12-19 21:12:469 INFO  HomePage :79 - mouse Hover And Click On account Link : [[ChromeDriver: chrome on windows (3edbc3c2aca6e2d1de9849548e33d66b)] -> xpath: //span[normalize-space()='My Account']]
2023-12-19 21:12:886 INFO  HomePage :91 - Select Options : Login
2023-12-19 21:12:985 INFO  AccountRegisterPage :71 - Enter an email : [[ChromeDriver: chrome on windows (3edbc3c2aca6e2d1de9849548e33d66b)] -> id: input-email]
2023-12-19 21:12:49 INFO  AccountRegisterPage :86 - Enter password : [[ChromeDriver: chrome on windows (3edbc3c2aca6e2d1de9849548e33d66b)] -> id: input-password]
2023-12-19 21:12:788 INFO  MyAccountPage :61 - Click On Login Button : [[ChromeDriver: chrome on windows (3edbc3c2aca6e2d1de9849548e33d66b)] -> xpath: //input[@value='Login']]
2023-12-19 21:12:814 INFO  MyAccountPage :65 - Verify The Text MyAccount : [[ChromeDriver: chrome on windows (3edbc3c2aca6e2d1de9849548e33d66b)] -> xpath: //h2[normalize-space()='My Account']]
2023-12-19 21:12:428 INFO  HomePage :91 - Select Options : Logout
2023-12-19 21:12:447 INFO  MyAccountPage :50 - Verify Text For Account LogOut : [[ChromeDriver: chrome on windows (3edbc3c2aca6e2d1de9849548e33d66b)] -> xpath: //a[normalize-space()='Logout']]
2023-12-19 21:12:775 INFO  MyAccountPage :56 - Click On Continue LogOut Button : [[ChromeDriver: chrome on windows (3edbc3c2aca6e2d1de9849548e33d66b)] -> xpath: //a[normalize-space()='Continue']]
2023-12-19 21:12:734 INFO  ManageBrowser :30 - Launching Chrome Browser.....
2023-12-19 21:12:882 INFO  HomePage :68 - mouse Hover And Click On currency DropDown Menu  : [[ChromeDriver: chrome on windows (86e6a65b7c2b5a25f76cc75dd5c2332f)] -> xpath: //span[contains(text(),'Currency')]]
2023-12-19 21:12:538 INFO  HomePage :74 - mouse Hover And Click On sterling Pound Currency : [[ChromeDriver: chrome on windows (86e6a65b7c2b5a25f76cc75dd5c2332f)] -> xpath: //button[normalize-space()='£Pound Sterling']]
2023-12-19 21:12:702 INFO  HomePage :79 - mouse Hover And Click On account Link : [[ChromeDriver: chrome on windows (86e6a65b7c2b5a25f76cc75dd5c2332f)] -> xpath: //span[normalize-space()='My Account']]
2023-12-19 21:12:317 INFO  HomePage :91 - Select Options : Register
2023-12-19 21:12:335 INFO  AccountRegisterPage :51 - Verify register account link : [[ChromeDriver: chrome on windows (86e6a65b7c2b5a25f76cc75dd5c2332f)] -> xpath: //h1[normalize-space()='Register Account']]
2023-12-19 21:12:413 INFO  ManageBrowser :30 - Launching Chrome Browser.....
2023-12-19 21:12:468 INFO  HomePage :68 - mouse Hover And Click On currency DropDown Menu  : [[ChromeDriver: chrome on windows (e74cd4514d6877e737f967eb659586a1)] -> xpath: //span[contains(text(),'Currency')]]
2023-12-19 21:12:108 INFO  HomePage :74 - mouse Hover And Click On sterling Pound Currency : [[ChromeDriver: chrome on windows (e74cd4514d6877e737f967eb659586a1)] -> xpath: //button[normalize-space()='£Pound Sterling']]
2023-12-19 21:12:274 INFO  HomePage :79 - mouse Hover And Click On account Link : [[ChromeDriver: chrome on windows (e74cd4514d6877e737f967eb659586a1)] -> xpath: //span[normalize-space()='My Account']]
2023-12-19 21:12:665 INFO  HomePage :91 - Select Options : Login
2023-12-19 21:12:681 INFO  AccountRegisterPage :56 - Verify returning customer login link : [[ChromeDriver: chrome on windows (e74cd4514d6877e737f967eb659586a1)] -> xpath: //h2[normalize-space()='Returning Customer']]
2023-12-19 21:12:663 INFO  ManageBrowser :30 - Launching Chrome Browser.....
2023-12-19 21:12:750 INFO  HomePage :68 - mouse Hover And Click On currency DropDown Menu  : [[ChromeDriver: chrome on windows (1c7b4d19d97e56f4c1462fe69382c7bd)] -> xpath: //span[contains(text(),'Currency')]]
2023-12-19 21:12:366 INFO  HomePage :74 - mouse Hover And Click On sterling Pound Currency : [[ChromeDriver: chrome on windows (1c7b4d19d97e56f4c1462fe69382c7bd)] -> xpath: //button[normalize-space()='£Pound Sterling']]
2023-12-19 21:12:514 INFO  HomePage :79 - mouse Hover And Click On account Link : [[ChromeDriver: chrome on windows (1c7b4d19d97e56f4c1462fe69382c7bd)] -> xpath: //span[normalize-space()='My Account']]
2023-12-19 21:12:104 INFO  HomePage :91 - Select Options : Register
2023-12-19 21:12:176 INFO  AccountRegisterPage :61 - Enter FirstName : [[ChromeDriver: chrome on windows (1c7b4d19d97e56f4c1462fe69382c7bd)] -> id: input-firstname]
2023-12-19 21:12:240 INFO  AccountRegisterPage :65 - Enter lastName : [[ChromeDriver: chrome on windows (1c7b4d19d97e56f4c1462fe69382c7bd)] -> id: input-lastname]
2023-12-19 21:12:334 INFO  AccountRegisterPage :71 - Enter an email : [[ChromeDriver: chrome on windows (1c7b4d19d97e56f4c1462fe69382c7bd)] -> id: input-email]
2023-12-19 21:12:408 INFO  AccountRegisterPage :81 - Enter telephone number : [[ChromeDriver: chrome on windows (1c7b4d19d97e56f4c1462fe69382c7bd)] -> id: input-telephone]
2023-12-19 21:12:478 INFO  AccountRegisterPage :86 - Enter password : [[ChromeDriver: chrome on windows (1c7b4d19d97e56f4c1462fe69382c7bd)] -> id: input-password]
2023-12-19 21:12:544 INFO  AccountRegisterPage :91 - Enter confirm password : [[ChromeDriver: chrome on windows (1c7b4d19d97e56f4c1462fe69382c7bd)] -> xpath: //input[@id='input-confirm']]
2023-12-19 21:12:597 INFO  AccountRegisterPage :96 - Click on Subscribe radio button : [[ChromeDriver: chrome on windows (1c7b4d19d97e56f4c1462fe69382c7bd)] -> xpath: //label[normalize-space()='Yes']]
2023-12-19 21:12:670 INFO  AccountRegisterPage :101 - click On Privacy Policy CheckBox : [[ChromeDriver: chrome on windows (1c7b4d19d97e56f4c1462fe69382c7bd)] -> css selector: input[value='1'][name='agree']]
2023-12-19 21:12:285 INFO  AccountRegisterPage :106 - click On Continue Button : [[ChromeDriver: chrome on windows (1c7b4d19d97e56f4c1462fe69382c7bd)] -> xpath: //input[@value='Continue']]
2023-12-19 21:12:304 INFO  MyAccountPage :35 - Verify The Message Your Account Has Been Created : [[ChromeDriver: chrome on windows (1c7b4d19d97e56f4c1462fe69382c7bd)] -> xpath: //h1[normalize-space()='Your Account Has Been Created!']]
2023-12-19 21:12:340 INFO  MyAccountPage :45 - Click On Continue Account Button : [[ChromeDriver: chrome on windows (1c7b4d19d97e56f4c1462fe69382c7bd)] -> xpath: //a[contains(text(),'Continue')]]
2023-12-19 21:12:789 INFO  HomePage :79 - mouse Hover And Click On account Link : [[ChromeDriver: chrome on windows (1c7b4d19d97e56f4c1462fe69382c7bd)] -> xpath: //span[normalize-space()='My Account']]
2023-12-19 21:12:375 INFO  HomePage :91 - Select Options : Logout
2023-12-19 21:12:401 INFO  MyAccountPage :50 - Verify Text For Account LogOut : [[ChromeDriver: chrome on windows (1c7b4d19d97e56f4c1462fe69382c7bd)] -> xpath: //a[normalize-space()='Logout']]
2023-12-19 21:12:721 INFO  MyAccountPage :56 - Click On Continue LogOut Button : [[ChromeDriver: chrome on windows (1c7b4d19d97e56f4c1462fe69382c7bd)] -> xpath: //a[normalize-space()='Continue']]
2023-12-19 21:12:638 INFO  ManageBrowser :30 - Launching Chrome Browser.....
2023-12-19 21:12:690 INFO  ManageBrowser :30 - Launching Chrome Browser.....
2023-12-19 21:12:700 INFO  ManageBrowser :30 - Launching Chrome Browser.....
2023-12-19 21:12:20 INFO  HomePage :68 - mouse Hover And Click On currency DropDown Menu  : [[ChromeDriver: chrome on windows (8dbe9f7ee522f588bbe1d514f144f298)] -> xpath: //span[contains(text(),'Currency')]]
2023-12-19 21:12:624 INFO  HomePage :74 - mouse Hover And Click On sterling Pound Currency : [[ChromeDriver: chrome on windows (8dbe9f7ee522f588bbe1d514f144f298)] -> xpath: //button[normalize-space()='£Pound Sterling']]
2023-12-19 21:12:784 INFO  HomePage :79 - mouse Hover And Click On account Link : [[ChromeDriver: chrome on windows (8dbe9f7ee522f588bbe1d514f144f298)] -> xpath: //span[normalize-space()='My Account']]
2023-12-19 21:12:186 INFO  HomePage :91 - Select Options : Login
2023-12-19 21:12:274 INFO  AccountRegisterPage :71 - Enter an email : [[ChromeDriver: chrome on windows (8dbe9f7ee522f588bbe1d514f144f298)] -> id: input-email]
2023-12-19 21:12:346 INFO  AccountRegisterPage :86 - Enter password : [[ChromeDriver: chrome on windows (8dbe9f7ee522f588bbe1d514f144f298)] -> id: input-password]
2023-12-19 21:12:870 INFO  MyAccountPage :61 - Click On Login Button : [[ChromeDriver: chrome on windows (8dbe9f7ee522f588bbe1d514f144f298)] -> xpath: //input[@value='Login']]
2023-12-19 21:12:51 INFO  MyAccountPage :65 - Verify The Text MyAccount : [[ChromeDriver: chrome on windows (8dbe9f7ee522f588bbe1d514f144f298)] -> xpath: //h2[normalize-space()='My Account']]
2023-12-19 21:12:648 INFO  HomePage :91 - Select Options : Logout
2023-12-19 21:12:668 INFO  MyAccountPage :50 - Verify Text For Account LogOut : [[ChromeDriver: chrome on windows (8dbe9f7ee522f588bbe1d514f144f298)] -> xpath: //a[normalize-space()='Logout']]
2023-12-19 21:12:987 INFO  MyAccountPage :56 - Click On Continue LogOut Button : [[ChromeDriver: chrome on windows (8dbe9f7ee522f588bbe1d514f144f298)] -> xpath: //a[normalize-space()='Continue']]
2023-12-19 21:12:991 INFO  ManageBrowser :30 - Launching Chrome Browser.....
2023-12-19 21:12:171 INFO  HomePage :68 - mouse Hover And Click On currency DropDown Menu  : [[ChromeDriver: chrome on windows (5816d68dd72f9759a4f77b658367f22d)] -> xpath: //span[contains(text(),'Currency')]]
2023-12-19 21:12:820 INFO  HomePage :74 - mouse Hover And Click On sterling Pound Currency : [[ChromeDriver: chrome on windows (5816d68dd72f9759a4f77b658367f22d)] -> xpath: //button[normalize-space()='£Pound Sterling']]
2023-12-19 21:12:980 INFO  HomePage :79 - mouse Hover And Click On account Link : [[ChromeDriver: chrome on windows (5816d68dd72f9759a4f77b658367f22d)] -> xpath: //span[normalize-space()='My Account']]
2023-12-19 21:12:592 INFO  HomePage :91 - Select Options : Register
2023-12-19 21:12:605 INFO  AccountRegisterPage :51 - Verify register account link : [[ChromeDriver: chrome on windows (5816d68dd72f9759a4f77b658367f22d)] -> xpath: //h1[normalize-space()='Register Account']]
2023-12-19 21:12:37 INFO  ManageBrowser :30 - Launching Chrome Browser.....
2023-12-19 21:12:26 INFO  ManageBrowser :30 - Launching Chrome Browser.....
2023-12-19 21:12:126 INFO  ManageBrowser :30 - Launching Chrome Browser.....
2023-12-19 21:12:90 INFO  ManageBrowser :30 - Launching Chrome Browser.....
2023-12-19 21:12:63 INFO  ManageBrowser :30 - Launching Chrome Browser.....
2023-12-19 21:12:24 INFO  ManageBrowser :30 - Launching Chrome Browser.....
2023-12-19 21:12:888 INFO  ManageBrowser :30 - Launching Chrome Browser.....
2023-12-19 21:12:835 INFO  ManageBrowser :30 - Launching Chrome Browser.....
2023-12-19 21:12:871 INFO  ManageBrowser :30 - Launching Chrome Browser.....
2023-12-19 21:12:925 INFO  ManageBrowser :30 - Launching Chrome Browser.....
2023-12-19 21:12:107 INFO  HomePage :68 - mouse Hover And Click On currency DropDown Menu  : [[ChromeDriver: chrome on windows (1b92cabba3f77f47744b90db2a5e2f2b)] -> xpath: //span[contains(text(),'Currency')]]
2023-12-19 21:12:770 INFO  HomePage :74 - mouse Hover And Click On sterling Pound Currency : [[ChromeDriver: chrome on windows (1b92cabba3f77f47744b90db2a5e2f2b)] -> xpath: //button[normalize-space()='£Pound Sterling']]
2023-12-19 21:12:905 INFO  HomePage :79 - mouse Hover And Click On account Link : [[ChromeDriver: chrome on windows (1b92cabba3f77f47744b90db2a5e2f2b)] -> xpath: //span[normalize-space()='My Account']]
2023-12-19 21:12:339 INFO  HomePage :91 - Select Options : Login
2023-12-19 21:12:431 INFO  AccountRegisterPage :71 - Enter an email : [[ChromeDriver: chrome on windows (1b92cabba3f77f47744b90db2a5e2f2b)] -> id: input-email]
2023-12-19 21:12:503 INFO  AccountRegisterPage :86 - Enter password : [[ChromeDriver: chrome on windows (1b92cabba3f77f47744b90db2a5e2f2b)] -> id: input-password]
2023-12-19 21:12:236 INFO  MyAccountPage :61 - Click On Login Button : [[ChromeDriver: chrome on windows (1b92cabba3f77f47744b90db2a5e2f2b)] -> xpath: //input[@value='Login']]
2023-12-19 21:12:251 INFO  MyAccountPage :65 - Verify The Text MyAccount : [[ChromeDriver: chrome on windows (1b92cabba3f77f47744b90db2a5e2f2b)] -> xpath: //h2[normalize-space()='My Account']]
2023-12-19 21:12:873 INFO  HomePage :91 - Select Options : Logout
2023-12-19 21:12:892 INFO  MyAccountPage :50 - Verify Text For Account LogOut : [[ChromeDriver: chrome on windows (1b92cabba3f77f47744b90db2a5e2f2b)] -> xpath: //a[normalize-space()='Logout']]
2023-12-19 21:12:232 INFO  MyAccountPage :56 - Click On Continue LogOut Button : [[ChromeDriver: chrome on windows (1b92cabba3f77f47744b90db2a5e2f2b)] -> xpath: //a[normalize-space()='Continue']]
2023-12-19 21:12:253 INFO  ManageBrowser :30 - Launching Chrome Browser.....
2023-12-19 21:12:362 INFO  HomePage :68 - mouse Hover And Click On currency DropDown Menu  : [[ChromeDriver: chrome on windows (eefa2417a1cbdbb88f350152cf1bae35)] -> xpath: //span[contains(text(),'Currency')]]
2023-12-19 21:12:950 INFO  HomePage :74 - mouse Hover And Click On sterling Pound Currency : [[ChromeDriver: chrome on windows (eefa2417a1cbdbb88f350152cf1bae35)] -> xpath: //button[normalize-space()='£Pound Sterling']]
2023-12-19 21:12:142 INFO  HomePage :79 - mouse Hover And Click On account Link : [[ChromeDriver: chrome on windows (eefa2417a1cbdbb88f350152cf1bae35)] -> xpath: //span[normalize-space()='My Account']]
2023-12-19 21:12:749 INFO  HomePage :91 - Select Options : Register
2023-12-19 21:12:766 INFO  AccountRegisterPage :51 - Verify register account link : [[ChromeDriver: chrome on windows (eefa2417a1cbdbb88f350152cf1bae35)] -> xpath: //h1[normalize-space()='Register Account']]
2023-12-19 21:12:886 INFO  ManageBrowser :30 - Launching Chrome Browser.....
2023-12-19 21:12:996 INFO  HomePage :68 - mouse Hover And Click On currency DropDown Menu  : [[ChromeDriver: chrome on windows (439bbc34c510ccbd06b7e1218ce597b8)] -> xpath: //span[contains(text(),'Currency')]]
2023-12-19 21:12:619 INFO  HomePage :74 - mouse Hover And Click On sterling Pound Currency : [[ChromeDriver: chrome on windows (439bbc34c510ccbd06b7e1218ce597b8)] -> xpath: //button[normalize-space()='£Pound Sterling']]
2023-12-19 21:12:790 INFO  HomePage :79 - mouse Hover And Click On account Link : [[ChromeDriver: chrome on windows (439bbc34c510ccbd06b7e1218ce597b8)] -> xpath: //span[normalize-space()='My Account']]
2023-12-19 21:12:206 INFO  HomePage :91 - Select Options : Login
2023-12-19 21:12:229 INFO  AccountRegisterPage :56 - Verify returning customer login link : [[ChromeDriver: chrome on windows (439bbc34c510ccbd06b7e1218ce597b8)] -> xpath: //h2[normalize-space()='Returning Customer']]
2023-12-19 21:12:401 INFO  ManageBrowser :30 - Launching Chrome Browser.....
2023-12-19 21:12:553 INFO  HomePage :68 - mouse Hover And Click On currency DropDown Menu  : [[ChromeDriver: chrome on windows (d832019966bf5950b5758a121c54fb31)] -> xpath: //span[contains(text(),'Currency')]]
2023-12-19 21:12:190 INFO  HomePage :74 - mouse Hover And Click On sterling Pound Currency : [[ChromeDriver: chrome on windows (d832019966bf5950b5758a121c54fb31)] -> xpath: //button[normalize-space()='Â£Pound Sterling']]
2023-12-19 21:12:356 INFO  HomePage :52 - mouse Hover And Click On Desktops Tab : [[ChromeDriver: chrome on windows (d832019966bf5950b5758a121c54fb31)] -> link text: Desktops]
2023-12-19 21:12:87 INFO  HomePage :47 - Select menu option : Show AllDesktops
2023-12-19 21:12:759 INFO  ManageBrowser :30 - Launching Chrome Browser.....
2023-12-19 21:12:812 INFO  HomePage :68 - mouse Hover And Click On currency DropDown Menu  : [[ChromeDriver: chrome on windows (5f08abf702ffdea655ddfb2b203f40c8)] -> xpath: //span[contains(text(),'Currency')]]
2023-12-19 21:12:418 INFO  HomePage :74 - mouse Hover And Click On sterling Pound Currency : [[ChromeDriver: chrome on windows (5f08abf702ffdea655ddfb2b203f40c8)] -> xpath: //button[normalize-space()='Â£Pound Sterling']]
2023-12-19 21:12:586 INFO  HomePage :52 - mouse Hover And Click On Desktops Tab : [[ChromeDriver: chrome on windows (5f08abf702ffdea655ddfb2b203f40c8)] -> link text: Desktops]
2023-12-19 21:12:171 INFO  HomePage :47 - Select menu option : Show AllDesktops
2023-12-19 21:12:143 INFO  DesktopPage :83 - Select Products option : HTC Touch HD
2023-12-19 21:12:159 INFO  ProductPage :39 - Get Text From Products Name : [[ChromeDriver: chrome on windows (5f08abf702ffdea655ddfb2b203f40c8)] -> css selector: div[id='content'] h1]
2023-12-19 21:12:306 INFO  ProductPage :46 - Entering Quantity : [[ChromeDriver: chrome on windows (5f08abf702ffdea655ddfb2b203f40c8)] -> name: quantity]
2023-12-19 21:12:357 INFO  ProductPage :51 - Click On Add To Cart : [[ChromeDriver: chrome on windows (5f08abf702ffdea655ddfb2b203f40c8)] -> xpath: //button[@id='button-cart']]
2023-12-19 21:12:566 INFO  LaptopsAndNoteBooksPage :128 - verify Success Message For Adding Product To Shopping Cart : [[ChromeDriver: chrome on windows (5f08abf702ffdea655ddfb2b203f40c8)] -> xpath: //div[@class='alert alert-success alert-dismissible']]
2023-12-19 21:12:920 INFO  ProductPage :61 - Click On Shopping Cart Link In to Success Message : [[ChromeDriver: chrome on windows (5f08abf702ffdea655ddfb2b203f40c8)] -> xpath: //a[normalize-space()='shopping cart']]
2023-12-19 21:12:936 INFO  ShoppingCartPage :55 - verify Shopping Cart Text : [[ChromeDriver: chrome on windows (5f08abf702ffdea655ddfb2b203f40c8)] -> xpath: //div[@id='content']//h1]
2023-12-19 21:12:964 INFO  ShoppingCartPage :60 - verify Product Name : [[ChromeDriver: chrome on windows (5f08abf702ffdea655ddfb2b203f40c8)] -> xpath: //div[@class = 'table-responsive']/table/tbody/tr/td[2]/a]
2023-12-19 21:12:988 INFO  ShoppingCartPage :65 - verify Model : [[ChromeDriver: chrome on windows (5f08abf702ffdea655ddfb2b203f40c8)] -> xpath: //div[@class = 'table-responsive']/table/tbody/tr/td[3]]
2023-12-19 21:12:10 INFO  ShoppingCartPage :70 - verify Total : [[ChromeDriver: chrome on windows (5f08abf702ffdea655ddfb2b203f40c8)] -> xpath: //div[@class = 'table-responsive']/table/tbody/tr/td[6]]
2023-12-19 21:12:33 INFO  ManageBrowser :30 - Launching Chrome Browser.....
2023-12-19 21:12:47 INFO  HomePage :68 - mouse Hover And Click On currency DropDown Menu  : [[ChromeDriver: chrome on windows (f35639eaf39ea2f34b62c8543fbafc66)] -> xpath: //span[contains(text(),'Currency')]]
2023-12-19 21:12:643 INFO  HomePage :74 - mouse Hover And Click On sterling Pound Currency : [[ChromeDriver: chrome on windows (f35639eaf39ea2f34b62c8543fbafc66)] -> xpath: //button[normalize-space()='Â£Pound Sterling']]
2023-12-19 21:12:804 INFO  HomePage :52 - mouse Hover And Click On Desktops Tab : [[ChromeDriver: chrome on windows (f35639eaf39ea2f34b62c8543fbafc66)] -> link text: Desktops]
2023-12-19 21:12:503 INFO  HomePage :47 - Select menu option : Show AllDesktops
2023-12-19 21:12:608 INFO  DesktopPage :83 - Select Products option : iPhone
2023-12-19 21:12:624 INFO  ProductPage :39 - Get Text From Products Name : [[ChromeDriver: chrome on windows (f35639eaf39ea2f34b62c8543fbafc66)] -> css selector: div[id='content'] h1]
2023-12-19 21:12:740 INFO  ProductPage :46 - Entering Quantity : [[ChromeDriver: chrome on windows (f35639eaf39ea2f34b62c8543fbafc66)] -> name: quantity]
2023-12-19 21:12:786 INFO  ProductPage :51 - Click On Add To Cart : [[ChromeDriver: chrome on windows (f35639eaf39ea2f34b62c8543fbafc66)] -> xpath: //button[@id='button-cart']]
2023-12-19 21:12:986 INFO  LaptopsAndNoteBooksPage :128 - verify Success Message For Adding Product To Shopping Cart : [[ChromeDriver: chrome on windows (f35639eaf39ea2f34b62c8543fbafc66)] -> xpath: //div[@class='alert alert-success alert-dismissible']]
2023-12-19 21:12:329 INFO  ProductPage :61 - Click On Shopping Cart Link In to Success Message : [[ChromeDriver: chrome on windows (f35639eaf39ea2f34b62c8543fbafc66)] -> xpath: //a[normalize-space()='shopping cart']]
2023-12-19 21:12:341 INFO  ShoppingCartPage :55 - verify Shopping Cart Text : [[ChromeDriver: chrome on windows (f35639eaf39ea2f34b62c8543fbafc66)] -> xpath: //div[@id='content']//h1]
2023-12-19 21:12:373 INFO  ShoppingCartPage :60 - verify Product Name : [[ChromeDriver: chrome on windows (f35639eaf39ea2f34b62c8543fbafc66)] -> xpath: //div[@class = 'table-responsive']/table/tbody/tr/td[2]/a]
2023-12-19 21:12:392 INFO  ShoppingCartPage :65 - verify Model : [[ChromeDriver: chrome on windows (f35639eaf39ea2f34b62c8543fbafc66)] -> xpath: //div[@class = 'table-responsive']/table/tbody/tr/td[3]]
2023-12-19 21:12:411 INFO  ShoppingCartPage :70 - verify Total : [[ChromeDriver: chrome on windows (f35639eaf39ea2f34b62c8543fbafc66)] -> xpath: //div[@class = 'table-responsive']/table/tbody/tr/td[6]]
2023-12-19 21:12:406 INFO  ManageBrowser :30 - Launching Chrome Browser.....
2023-12-19 21:12:556 INFO  HomePage :68 - mouse Hover And Click On currency DropDown Menu  : [[ChromeDriver: chrome on windows (631c941ac646b12dc5ec7cf306fa6eff)] -> xpath: //span[contains(text(),'Currency')]]
2023-12-19 21:12:201 INFO  HomePage :74 - mouse Hover And Click On sterling Pound Currency : [[ChromeDriver: chrome on windows (631c941ac646b12dc5ec7cf306fa6eff)] -> xpath: //button[normalize-space()='Â£Pound Sterling']]
2023-12-19 21:12:366 INFO  HomePage :52 - mouse Hover And Click On Desktops Tab : [[ChromeDriver: chrome on windows (631c941ac646b12dc5ec7cf306fa6eff)] -> link text: Desktops]
2023-12-19 21:12:87 INFO  HomePage :47 - Select menu option : Show AllDesktops
2023-12-19 21:12:196 INFO  DesktopPage :83 - Select Products option : iPod Classic
2023-12-19 21:12:209 INFO  ProductPage :39 - Get Text From Products Name : [[ChromeDriver: chrome on windows (631c941ac646b12dc5ec7cf306fa6eff)] -> css selector: div[id='content'] h1]
2023-12-19 21:12:319 INFO  ProductPage :46 - Entering Quantity : [[ChromeDriver: chrome on windows (631c941ac646b12dc5ec7cf306fa6eff)] -> name: quantity]
2023-12-19 21:12:357 INFO  ProductPage :51 - Click On Add To Cart : [[ChromeDriver: chrome on windows (631c941ac646b12dc5ec7cf306fa6eff)] -> xpath: //button[@id='button-cart']]
2023-12-19 21:12:562 INFO  LaptopsAndNoteBooksPage :128 - verify Success Message For Adding Product To Shopping Cart : [[ChromeDriver: chrome on windows (631c941ac646b12dc5ec7cf306fa6eff)] -> xpath: //div[@class='alert alert-success alert-dismissible']]
2023-12-19 21:12:941 INFO  ProductPage :61 - Click On Shopping Cart Link In to Success Message : [[ChromeDriver: chrome on windows (631c941ac646b12dc5ec7cf306fa6eff)] -> xpath: //a[normalize-space()='shopping cart']]
2023-12-19 21:12:956 INFO  ShoppingCartPage :55 - verify Shopping Cart Text : [[ChromeDriver: chrome on windows (631c941ac646b12dc5ec7cf306fa6eff)] -> xpath: //div[@id='content']//h1]
2023-12-19 21:12:973 INFO  ShoppingCartPage :60 - verify Product Name : [[ChromeDriver: chrome on windows (631c941ac646b12dc5ec7cf306fa6eff)] -> xpath: //div[@class = 'table-responsive']/table/tbody/tr/td[2]/a]
2023-12-19 21:12:990 INFO  ShoppingCartPage :65 - verify Model : [[ChromeDriver: chrome on windows (631c941ac646b12dc5ec7cf306fa6eff)] -> xpath: //div[@class = 'table-responsive']/table/tbody/tr/td[3]]
2023-12-19 21:12:07 INFO  ShoppingCartPage :70 - verify Total : [[ChromeDriver: chrome on windows (631c941ac646b12dc5ec7cf306fa6eff)] -> xpath: //div[@class = 'table-responsive']/table/tbody/tr/td[6]]
2023-12-19 21:12:24 INFO  ManageBrowser :30 - Launching Chrome Browser.....
2023-12-19 21:12:223 INFO  HomePage :68 - mouse Hover And Click On currency DropDown Menu  : [[ChromeDriver: chrome on windows (fe07ca7977771541a1ef58580814ae2f)] -> xpath: //span[contains(text(),'Currency')]]
2023-12-19 21:12:881 INFO  HomePage :74 - mouse Hover And Click On sterling Pound Currency : [[ChromeDriver: chrome on windows (fe07ca7977771541a1ef58580814ae2f)] -> xpath: //button[normalize-space()='Â£Pound Sterling']]
2023-12-19 21:12:44 INFO  HomePage :52 - mouse Hover And Click On Desktops Tab : [[ChromeDriver: chrome on windows (fe07ca7977771541a1ef58580814ae2f)] -> link text: Desktops]
2023-12-19 21:12:783 INFO  HomePage :47 - Select menu option : Show AllDesktops
2023-12-19 21:12:933 INFO  DesktopPage :83 - Select Products option : MacBook
2023-12-19 21:12:943 INFO  ProductPage :39 - Get Text From Products Name : [[ChromeDriver: chrome on windows (fe07ca7977771541a1ef58580814ae2f)] -> css selector: div[id='content'] h1]
2023-12-19 21:12:54 INFO  ProductPage :46 - Entering Quantity : [[ChromeDriver: chrome on windows (fe07ca7977771541a1ef58580814ae2f)] -> name: quantity]
2023-12-19 21:12:92 INFO  ProductPage :51 - Click On Add To Cart : [[ChromeDriver: chrome on windows (fe07ca7977771541a1ef58580814ae2f)] -> xpath: //button[@id='button-cart']]
2023-12-19 21:12:363 INFO  LaptopsAndNoteBooksPage :128 - verify Success Message For Adding Product To Shopping Cart : [[ChromeDriver: chrome on windows (fe07ca7977771541a1ef58580814ae2f)] -> xpath: //div[@class='alert alert-success alert-dismissible']]
2023-12-19 21:12:710 INFO  ProductPage :61 - Click On Shopping Cart Link In to Success Message : [[ChromeDriver: chrome on windows (fe07ca7977771541a1ef58580814ae2f)] -> xpath: //a[normalize-space()='shopping cart']]
2023-12-19 21:12:735 INFO  ShoppingCartPage :55 - verify Shopping Cart Text : [[ChromeDriver: chrome on windows (fe07ca7977771541a1ef58580814ae2f)] -> xpath: //div[@id='content']//h1]
2023-12-19 21:12:754 INFO  ShoppingCartPage :60 - verify Product Name : [[ChromeDriver: chrome on windows (fe07ca7977771541a1ef58580814ae2f)] -> xpath: //div[@class = 'table-responsive']/table/tbody/tr/td[2]/a]
2023-12-19 21:12:771 INFO  ShoppingCartPage :65 - verify Model : [[ChromeDriver: chrome on windows (fe07ca7977771541a1ef58580814ae2f)] -> xpath: //div[@class = 'table-responsive']/table/tbody/tr/td[3]]
2023-12-19 21:12:788 INFO  ShoppingCartPage :70 - verify Total : [[ChromeDriver: chrome on windows (fe07ca7977771541a1ef58580814ae2f)] -> xpath: //div[@class = 'table-responsive']/table/tbody/tr/td[6]]
2023-12-19 21:12:769 INFO  ManageBrowser :30 - Launching Chrome Browser.....
2023-12-19 21:12:888 INFO  HomePage :68 - mouse Hover And Click On currency DropDown Menu  : [[ChromeDriver: chrome on windows (8bcb32a31b91684eb4bc5cc31bf61e6b)] -> xpath: //span[contains(text(),'Currency')]]
2023-12-19 21:12:493 INFO  HomePage :74 - mouse Hover And Click On sterling Pound Currency : [[ChromeDriver: chrome on windows (8bcb32a31b91684eb4bc5cc31bf61e6b)] -> xpath: //button[normalize-space()='Â£Pound Sterling']]
2023-12-19 21:12:683 INFO  HomePage :52 - mouse Hover And Click On Desktops Tab : [[ChromeDriver: chrome on windows (8bcb32a31b91684eb4bc5cc31bf61e6b)] -> link text: Desktops]
2023-12-19 21:12:260 INFO  HomePage :47 - Select menu option : Show AllDesktops
2023-12-19 21:12:376 INFO  DesktopPage :83 - Select Products option : MacBook Air
2023-12-19 21:12:390 INFO  ProductPage :39 - Get Text From Products Name : [[ChromeDriver: chrome on windows (8bcb32a31b91684eb4bc5cc31bf61e6b)] -> css selector: div[id='content'] h1]
2023-12-19 21:12:503 INFO  ProductPage :46 - Entering Quantity : [[ChromeDriver: chrome on windows (8bcb32a31b91684eb4bc5cc31bf61e6b)] -> name: quantity]
2023-12-19 21:12:544 INFO  ProductPage :51 - Click On Add To Cart : [[ChromeDriver: chrome on windows (8bcb32a31b91684eb4bc5cc31bf61e6b)] -> xpath: //button[@id='button-cart']]
2023-12-19 21:12:754 INFO  LaptopsAndNoteBooksPage :128 - verify Success Message For Adding Product To Shopping Cart : [[ChromeDriver: chrome on windows (8bcb32a31b91684eb4bc5cc31bf61e6b)] -> xpath: //div[@class='alert alert-success alert-dismissible']]
2023-12-19 21:12:112 INFO  ProductPage :61 - Click On Shopping Cart Link In to Success Message : [[ChromeDriver: chrome on windows (8bcb32a31b91684eb4bc5cc31bf61e6b)] -> xpath: //a[normalize-space()='shopping cart']]
2023-12-19 21:12:124 INFO  ShoppingCartPage :55 - verify Shopping Cart Text : [[ChromeDriver: chrome on windows (8bcb32a31b91684eb4bc5cc31bf61e6b)] -> xpath: //div[@id='content']//h1]
2023-12-19 21:12:143 INFO  ShoppingCartPage :60 - verify Product Name : [[ChromeDriver: chrome on windows (8bcb32a31b91684eb4bc5cc31bf61e6b)] -> xpath: //div[@class = 'table-responsive']/table/tbody/tr/td[2]/a]
2023-12-19 21:12:159 INFO  ShoppingCartPage :65 - verify Model : [[ChromeDriver: chrome on windows (8bcb32a31b91684eb4bc5cc31bf61e6b)] -> xpath: //div[@class = 'table-responsive']/table/tbody/tr/td[3]]
2023-12-19 21:12:176 INFO  ShoppingCartPage :70 - verify Total : [[ChromeDriver: chrome on windows (8bcb32a31b91684eb4bc5cc31bf61e6b)] -> xpath: //div[@class = 'table-responsive']/table/tbody/tr/td[6]]
2023-12-19 21:12:130 INFO  ManageBrowser :30 - Launching Chrome Browser.....
2023-12-19 21:12:430 INFO  HomePage :68 - mouse Hover And Click On currency DropDown Menu  : [[ChromeDriver: chrome on windows (58ae97d38ea765a6461d3414745634ae)] -> xpath: //span[contains(text(),'Currency')]]
2023-12-19 21:12:110 INFO  HomePage :74 - mouse Hover And Click On sterling Pound Currency : [[ChromeDriver: chrome on windows (58ae97d38ea765a6461d3414745634ae)] -> xpath: //button[normalize-space()='Â£Pound Sterling']]
2023-12-19 21:12:267 INFO  HomePage :52 - mouse Hover And Click On Desktops Tab : [[ChromeDriver: chrome on windows (58ae97d38ea765a6461d3414745634ae)] -> link text: Desktops]
2023-12-19 21:12:224 INFO  HomePage :47 - Select menu option : Show AllDesktops
2023-12-19 21:12:493 INFO  DesktopPage :83 - Select Products option : Sony VAIO
2023-12-19 21:12:507 INFO  ProductPage :39 - Get Text From Products Name : [[ChromeDriver: chrome on windows (58ae97d38ea765a6461d3414745634ae)] -> css selector: div[id='content'] h1]
2023-12-19 21:12:608 INFO  ProductPage :46 - Entering Quantity : [[ChromeDriver: chrome on windows (58ae97d38ea765a6461d3414745634ae)] -> name: quantity]
2023-12-19 21:12:643 INFO  ProductPage :51 - Click On Add To Cart : [[ChromeDriver: chrome on windows (58ae97d38ea765a6461d3414745634ae)] -> xpath: //button[@id='button-cart']]
2023-12-19 21:12:842 INFO  LaptopsAndNoteBooksPage :128 - verify Success Message For Adding Product To Shopping Cart : [[ChromeDriver: chrome on windows (58ae97d38ea765a6461d3414745634ae)] -> xpath: //div[@class='alert alert-success alert-dismissible']]
2023-12-19 21:12:240 INFO  ProductPage :61 - Click On Shopping Cart Link In to Success Message : [[ChromeDriver: chrome on windows (58ae97d38ea765a6461d3414745634ae)] -> xpath: //a[normalize-space()='shopping cart']]
2023-12-19 21:12:252 INFO  ShoppingCartPage :55 - verify Shopping Cart Text : [[ChromeDriver: chrome on windows (58ae97d38ea765a6461d3414745634ae)] -> xpath: //div[@id='content']//h1]
2023-12-19 21:12:269 INFO  ShoppingCartPage :60 - verify Product Name : [[ChromeDriver: chrome on windows (58ae97d38ea765a6461d3414745634ae)] -> xpath: //div[@class = 'table-responsive']/table/tbody/tr/td[2]/a]
2023-12-19 21:12:285 INFO  ShoppingCartPage :65 - verify Model : [[ChromeDriver: chrome on windows (58ae97d38ea765a6461d3414745634ae)] -> xpath: //div[@class = 'table-responsive']/table/tbody/tr/td[3]]
2023-12-19 21:12:298 INFO  ShoppingCartPage :70 - verify Total : [[ChromeDriver: chrome on windows (58ae97d38ea765a6461d3414745634ae)] -> xpath: //div[@class = 'table-responsive']/table/tbody/tr/td[6]]
2023-12-19 21:12:249 INFO  ManageBrowser :30 - Launching Chrome Browser.....
2023-12-19 21:12:488 INFO  HomePage :68 - mouse Hover And Click On currency DropDown Menu  : [[ChromeDriver: chrome on windows (eb400cc02399bc62a93b78183dbae923)] -> xpath: //span[contains(text(),'Currency')]]
2023-12-19 21:12:183 INFO  HomePage :74 - mouse Hover And Click On sterling Pound Currency : [[ChromeDriver: chrome on windows (eb400cc02399bc62a93b78183dbae923)] -> xpath: //button[normalize-space()='Â£Pound Sterling']]
2023-12-19 21:12:353 INFO  HomePage :57 - mouse Hover And Click On Laptops And Notebooks Tab : [[ChromeDriver: chrome on windows (eb400cc02399bc62a93b78183dbae923)] -> link text: Laptops & Notebooks]
2023-12-19 21:12:01 INFO  HomePage :47 - Select menu option : Show AllLaptops & Notebooks
2023-12-19 21:12:89 INFO  LaptopsAndNoteBooksPage :66 - Original product list[[[ChromeDriver: chrome on windows (eb400cc02399bc62a93b78183dbae923)] -> xpath: //p[@class ='price']], [[ChromeDriver: chrome on windows (eb400cc02399bc62a93b78183dbae923)] -> xpath: //p[@class ='price']], [[ChromeDriver: chrome on windows (eb400cc02399bc62a93b78183dbae923)] -> xpath: //p[@class ='price']], [[ChromeDriver: chrome on windows (eb400cc02399bc62a93b78183dbae923)] -> xpath: //p[@class ='price']], [[ChromeDriver: chrome on windows (eb400cc02399bc62a93b78183dbae923)] -> xpath: //p[@class ='price']]]
2023-12-19 21:12:98 INFO  LaptopsAndNoteBooksPage :70 - Product Sort by High low price[[ChromeDriver: chrome on windows (eb400cc02399bc62a93b78183dbae923)] -> id: input-sort]
2023-12-19 21:12:536 INFO  LaptopsAndNoteBooksPage :82 - After sort by price[[[ChromeDriver: chrome on windows (eb400cc02399bc62a93b78183dbae923)] -> xpath: //p[@class ='price']], [[ChromeDriver: chrome on windows (eb400cc02399bc62a93b78183dbae923)] -> xpath: //p[@class ='price']], [[ChromeDriver: chrome on windows (eb400cc02399bc62a93b78183dbae923)] -> xpath: //p[@class ='price']], [[ChromeDriver: chrome on windows (eb400cc02399bc62a93b78183dbae923)] -> xpath: //p[@class ='price']], [[ChromeDriver: chrome on windows (eb400cc02399bc62a93b78183dbae923)] -> xpath: //p[@class ='price']]]
2023-12-19 21:12:462 INFO  ManageBrowser :30 - Launching Chrome Browser.....
2023-12-19 21:12:574 INFO  HomePage :68 - mouse Hover And Click On currency DropDown Menu  : [[ChromeDriver: chrome on windows (6d1c365970bc7f9ae501df8ef3350f6c)] -> xpath: //span[contains(text(),'Currency')]]
2023-12-19 21:12:184 INFO  HomePage :74 - mouse Hover And Click On sterling Pound Currency : [[ChromeDriver: chrome on windows (6d1c365970bc7f9ae501df8ef3350f6c)] -> xpath: //button[normalize-space()='Â£Pound Sterling']]
2023-12-19 21:12:357 INFO  HomePage :57 - mouse Hover And Click On Laptops And Notebooks Tab : [[ChromeDriver: chrome on windows (6d1c365970bc7f9ae501df8ef3350f6c)] -> link text: Laptops & Notebooks]
2023-12-19 21:12:908 INFO  HomePage :47 - Select menu option : Show AllLaptops & Notebooks
2023-12-19 21:12:998 INFO  LaptopsAndNoteBooksPage :66 - Original product list[[[ChromeDriver: chrome on windows (6d1c365970bc7f9ae501df8ef3350f6c)] -> xpath: //p[@class ='price']], [[ChromeDriver: chrome on windows (6d1c365970bc7f9ae501df8ef3350f6c)] -> xpath: //p[@class ='price']], [[ChromeDriver: chrome on windows (6d1c365970bc7f9ae501df8ef3350f6c)] -> xpath: //p[@class ='price']], [[ChromeDriver: chrome on windows (6d1c365970bc7f9ae501df8ef3350f6c)] -> xpath: //p[@class ='price']], [[ChromeDriver: chrome on windows (6d1c365970bc7f9ae501df8ef3350f6c)] -> xpath: //p[@class ='price']]]
2023-12-19 21:12:06 INFO  LaptopsAndNoteBooksPage :70 - Product Sort by High low price[[ChromeDriver: chrome on windows (6d1c365970bc7f9ae501df8ef3350f6c)] -> id: input-sort]
2023-12-19 21:12:135 INFO  LaptopsAndNoteBooksPage :113 - select MacBook Product : [[ChromeDriver: chrome on windows (6d1c365970bc7f9ae501df8ef3350f6c)] -> link text: MacBook]
2023-12-19 21:12:146 INFO  LaptopsAndNoteBooksPage :118 - verify The Text MacBook : [[ChromeDriver: chrome on windows (6d1c365970bc7f9ae501df8ef3350f6c)] -> xpath: //h1[normalize-space()='MacBook']]
2023-12-19 21:12:192 INFO  LaptopsAndNoteBooksPage :124 - click On Add To Cart : [[ChromeDriver: chrome on windows (6d1c365970bc7f9ae501df8ef3350f6c)] -> xpath: //button[@id='button-cart']]
2023-12-19 21:12:394 INFO  LaptopsAndNoteBooksPage :128 - verify Success Message For Adding Product To Shopping Cart : [[ChromeDriver: chrome on windows (6d1c365970bc7f9ae501df8ef3350f6c)] -> xpath: //div[@class='alert alert-success alert-dismissible']]
2023-12-19 21:12:743 INFO  LaptopsAndNoteBooksPage :134 - click On Link To Shopping Cart Message : [[ChromeDriver: chrome on windows (6d1c365970bc7f9ae501df8ef3350f6c)] -> xpath: //a[normalize-space()='shopping cart']]
2023-12-19 21:12:756 INFO  ShoppingCartPage :55 - verify Shopping Cart Text : [[ChromeDriver: chrome on windows (6d1c365970bc7f9ae501df8ef3350f6c)] -> xpath: //div[@id='content']//h1]
2023-12-19 21:12:782 INFO  ShoppingCartPage :75 - verify Product Name Is MacBook : [[ChromeDriver: chrome on windows (6d1c365970bc7f9ae501df8ef3350f6c)] -> xpath: (//a[contains(text(),'MacBook')])[2]]
2023-12-19 21:12:821 INFO  ShoppingCartPage :81 - clear The Qty Box : [[ChromeDriver: chrome on windows (6d1c365970bc7f9ae501df8ef3350f6c)] -> xpath: //input[@class='form-control']]
2023-12-19 21:12:867 INFO  ShoppingCartPage :86 - enter Quantity Into The Box : [[ChromeDriver: chrome on windows (6d1c365970bc7f9ae501df8ef3350f6c)] -> xpath: //input[@class='form-control']]
2023-12-19 21:12:370 INFO  ShoppingCartPage :91 - click On Update The Quantity Box : [[ChromeDriver: chrome on windows (6d1c365970bc7f9ae501df8ef3350f6c)] -> xpath: (//button[@type='submit'])[1]]
2023-12-19 21:12:381 INFO  ShoppingCartPage :95 - verify Updated Success Message : [[ChromeDriver: chrome on windows (6d1c365970bc7f9ae501df8ef3350f6c)] -> xpath: //div[@class='alert alert-success alert-dismissible']]
2023-12-19 21:12:403 INFO  ShoppingCartPage :100 - verify Total Price : [[ChromeDriver: chrome on windows (6d1c365970bc7f9ae501df8ef3350f6c)] -> xpath: (//td[contains(text(),'Â£737.45')])[3]]
2023-12-19 21:12:722 INFO  ShoppingCartPage :107 - click On CheckOut Button : [[ChromeDriver: chrome on windows (6d1c365970bc7f9ae501df8ef3350f6c)] -> xpath: //a[@class='btn btn-primary']]
2023-12-19 21:12:738 INFO  CheckOutPage :68 - verify CheckOut Text : [[ChromeDriver: chrome on windows (6d1c365970bc7f9ae501df8ef3350f6c)] -> xpath: //h1[normalize-space()='Checkout']]
2023-12-19 21:12:941 INFO  CheckOutPage :72 - verify Text NewCustomer : [[ChromeDriver: chrome on windows (6d1c365970bc7f9ae501df8ef3350f6c)] -> xpath: //h2[normalize-space()='New Customer']]
2023-12-19 21:12:46 INFO  CheckOutPage :78 - click On Guest CheckOut Button : [[ChromeDriver: chrome on windows (6d1c365970bc7f9ae501df8ef3350f6c)] -> xpath: //input[@value='guest']]
2023-12-19 21:12:96 INFO  CheckOutPage :83 - click On Continue ButtonTab : [[ChromeDriver: chrome on windows (6d1c365970bc7f9ae501df8ef3350f6c)] -> css selector: #button-account]
2023-12-19 21:12:457 INFO  CheckOutPage :88 - enter FirstName Into The FirstName Field : [[ChromeDriver: chrome on windows (6d1c365970bc7f9ae501df8ef3350f6c)] -> id: input-payment-firstname]
2023-12-19 21:12:552 INFO  CheckOutPage :93 - enter LastName Into The LastName Field : [[ChromeDriver: chrome on windows (6d1c365970bc7f9ae501df8ef3350f6c)] -> id: input-payment-lastname]
2023-12-19 21:12:644 INFO  CheckOutPage :98 - enter Email Into The Email Field : [[ChromeDriver: chrome on windows (6d1c365970bc7f9ae501df8ef3350f6c)] -> id: input-payment-email]
2023-12-19 21:12:719 INFO  CheckOutPage :103 - enter Telephone Into The  Telephone Field : [[ChromeDriver: chrome on windows (6d1c365970bc7f9ae501df8ef3350f6c)] -> id: input-payment-telephone]
2023-12-19 21:12:800 INFO  CheckOutPage :108 - enter Address Into The Address1 Field: [[ChromeDriver: chrome on windows (6d1c365970bc7f9ae501df8ef3350f6c)] -> id: input-payment-address-1]
2023-12-19 21:12:867 INFO  CheckOutPage :113 - enter City Into The CityField : [[ChromeDriver: chrome on windows (6d1c365970bc7f9ae501df8ef3350f6c)] -> id: input-payment-city]
2023-12-19 21:12:944 INFO  CheckOutPage :118 - enter Postcode Into The PostCode Field : [[ChromeDriver: chrome on windows (6d1c365970bc7f9ae501df8ef3350f6c)] -> name: postcode]
2023-12-19 21:12:21 INFO  CheckOutPage :123 - enter Country Into The Country Field: [[ChromeDriver: chrome on windows (6d1c365970bc7f9ae501df8ef3350f6c)] -> id: input-payment-country]
2023-12-19 21:12:91 INFO  CheckOutPage :128 - enter Zone Into The ZoneField : [[ChromeDriver: chrome on windows (6d1c365970bc7f9ae501df8ef3350f6c)] -> id: input-payment-zone]
2023-12-19 21:12:154 INFO  CheckOutPage :133 - click On Continue Button ForGuest : [[ChromeDriver: chrome on windows (6d1c365970bc7f9ae501df8ef3350f6c)] -> xpath: //input[@id='button-guest']]
2023-12-19 21:12:719 INFO  CheckOutPage :138 - add Comments About Your Order Into The Text Area: [[ChromeDriver: chrome on windows (6d1c365970bc7f9ae501df8ef3350f6c)] -> xpath: //textarea[@name='comment']]
2023-12-19 21:12:782 INFO  CheckOutPage :143 - click On Check Box For Terms And Conditions : [[ChromeDriver: chrome on windows (6d1c365970bc7f9ae501df8ef3350f6c)] -> css selector: input[value='1'][name='agree']]
2023-12-19 21:12:855 INFO  CheckOutPage :148 - click On Continue Button For Payment Method : [[ChromeDriver: chrome on windows (6d1c365970bc7f9ae501df8ef3350f6c)] -> xpath: //input[@id='button-payment-method']]
2023-12-19 21:12:57 INFO  CheckOutPage :152 - verify Warning Message For Payment Method : [[ChromeDriver: chrome on windows (6d1c365970bc7f9ae501df8ef3350f6c)] -> xpath: //div[@class ='alert alert-danger alert-dismissible']]
2023-12-19 21:12:71 INFO  ManageBrowser :30 - Launching Chrome Browser.....
2023-12-19 21:12:181 INFO  HomePage :68 - mouse Hover And Click On currency DropDown Menu  : [[ChromeDriver: chrome on windows (17c95777f0d84a92b7b3916df8478731)] -> xpath: //span[contains(text(),'Currency')]]
2023-12-19 21:12:807 INFO  HomePage :74 - mouse Hover And Click On sterling Pound Currency : [[ChromeDriver: chrome on windows (17c95777f0d84a92b7b3916df8478731)] -> xpath: //button[normalize-space()='Â£Pound Sterling']]
2023-12-19 21:12:972 INFO  HomePage :79 - mouse Hover And Click On account Link : [[ChromeDriver: chrome on windows (17c95777f0d84a92b7b3916df8478731)] -> xpath: //span[normalize-space()='My Account']]
2023-12-19 21:12:364 INFO  HomePage :91 - Select Options : Login
2023-12-19 21:12:435 INFO  AccountRegisterPage :71 - Enter an email : [[ChromeDriver: chrome on windows (17c95777f0d84a92b7b3916df8478731)] -> id: input-email]
2023-12-19 21:12:498 INFO  AccountRegisterPage :86 - Enter password : [[ChromeDriver: chrome on windows (17c95777f0d84a92b7b3916df8478731)] -> id: input-password]
2023-12-19 21:12:206 INFO  MyAccountPage :61 - Click On Login Button : [[ChromeDriver: chrome on windows (17c95777f0d84a92b7b3916df8478731)] -> xpath: //input[@value='Login']]
2023-12-19 21:12:219 INFO  MyAccountPage :65 - Verify The Text MyAccount : [[ChromeDriver: chrome on windows (17c95777f0d84a92b7b3916df8478731)] -> xpath: //h2[normalize-space()='My Account']]
2023-12-19 21:12:826 INFO  HomePage :91 - Select Options : Logout
2023-12-19 21:12:843 INFO  MyAccountPage :50 - Verify Text For Account LogOut : [[ChromeDriver: chrome on windows (17c95777f0d84a92b7b3916df8478731)] -> xpath: //a[normalize-space()='Logout']]
2023-12-19 21:12:148 INFO  MyAccountPage :56 - Click On Continue LogOut Button : [[ChromeDriver: chrome on windows (17c95777f0d84a92b7b3916df8478731)] -> xpath: //a[normalize-space()='Continue']]
2023-12-19 21:12:17 INFO  ManageBrowser :30 - Launching Chrome Browser.....
2023-12-19 21:12:41 INFO  HomePage :68 - mouse Hover And Click On currency DropDown Menu  : [[ChromeDriver: chrome on windows (c4b3c7e852c1a0e9def395ce0507c6e4)] -> xpath: //span[contains(text(),'Currency')]]
2023-12-19 21:12:631 INFO  HomePage :74 - mouse Hover And Click On sterling Pound Currency : [[ChromeDriver: chrome on windows (c4b3c7e852c1a0e9def395ce0507c6e4)] -> xpath: //button[normalize-space()='Â£Pound Sterling']]
2023-12-19 21:12:790 INFO  HomePage :79 - mouse Hover And Click On account Link : [[ChromeDriver: chrome on windows (c4b3c7e852c1a0e9def395ce0507c6e4)] -> xpath: //span[normalize-space()='My Account']]
2023-12-19 21:12:393 INFO  HomePage :91 - Select Options : Register
2023-12-19 21:12:409 INFO  AccountRegisterPage :51 - Verify register account link : [[ChromeDriver: chrome on windows (c4b3c7e852c1a0e9def395ce0507c6e4)] -> xpath: //h1[normalize-space()='Register Account']]
2023-12-19 21:12:357 INFO  ManageBrowser :30 - Launching Chrome Browser.....
2023-12-19 21:12:536 INFO  HomePage :68 - mouse Hover And Click On currency DropDown Menu  : [[ChromeDriver: chrome on windows (d022a15a84a2ff0f6be492cd024f6a45)] -> xpath: //span[contains(text(),'Currency')]]
2023-12-19 21:12:192 INFO  HomePage :74 - mouse Hover And Click On sterling Pound Currency : [[ChromeDriver: chrome on windows (d022a15a84a2ff0f6be492cd024f6a45)] -> xpath: //button[normalize-space()='Â£Pound Sterling']]
2023-12-19 21:12:357 INFO  HomePage :79 - mouse Hover And Click On account Link : [[ChromeDriver: chrome on windows (d022a15a84a2ff0f6be492cd024f6a45)] -> xpath: //span[normalize-space()='My Account']]
2023-12-19 21:12:752 INFO  HomePage :91 - Select Options : Login
2023-12-19 21:12:768 INFO  AccountRegisterPage :56 - Verify returning customer login link : [[ChromeDriver: chrome on windows (d022a15a84a2ff0f6be492cd024f6a45)] -> xpath: //h2[normalize-space()='Returning Customer']]
2023-12-19 21:12:654 INFO  ManageBrowser :30 - Launching Chrome Browser.....
2023-12-19 21:12:818 INFO  HomePage :68 - mouse Hover And Click On currency DropDown Menu  : [[ChromeDriver: chrome on windows (aee01160a785bcec2bafd54c6a319ce4)] -> xpath: //span[contains(text(),'Currency')]]
2023-12-19 21:12:458 INFO  HomePage :74 - mouse Hover And Click On sterling Pound Currency : [[ChromeDriver: chrome on windows (aee01160a785bcec2bafd54c6a319ce4)] -> xpath: //button[normalize-space()='Â£Pound Sterling']]
2023-12-19 21:12:627 INFO  HomePage :79 - mouse Hover And Click On account Link : [[ChromeDriver: chrome on windows (aee01160a785bcec2bafd54c6a319ce4)] -> xpath: //span[normalize-space()='My Account']]
2023-12-19 21:12:240 INFO  HomePage :91 - Select Options : Register
2023-12-19 21:12:308 INFO  AccountRegisterPage :61 - Enter FirstName : [[ChromeDriver: chrome on windows (aee01160a785bcec2bafd54c6a319ce4)] -> id: input-firstname]
2023-12-19 21:12:367 INFO  AccountRegisterPage :65 - Enter lastName : [[ChromeDriver: chrome on windows (aee01160a785bcec2bafd54c6a319ce4)] -> id: input-lastname]
2023-12-19 21:12:444 INFO  AccountRegisterPage :71 - Enter an email : [[ChromeDriver: chrome on windows (aee01160a785bcec2bafd54c6a319ce4)] -> id: input-email]
2023-12-19 21:12:499 INFO  AccountRegisterPage :81 - Enter telephone number : [[ChromeDriver: chrome on windows (aee01160a785bcec2bafd54c6a319ce4)] -> id: input-telephone]
2023-12-19 21:12:560 INFO  AccountRegisterPage :86 - Enter password : [[ChromeDriver: chrome on windows (aee01160a785bcec2bafd54c6a319ce4)] -> id: input-password]
2023-12-19 21:12:607 INFO  AccountRegisterPage :91 - Enter confirm password : [[ChromeDriver: chrome on windows (aee01160a785bcec2bafd54c6a319ce4)] -> xpath: //input[@id='input-confirm']]
2023-12-19 21:12:642 INFO  AccountRegisterPage :96 - Click on Subscribe radio button : [[ChromeDriver: chrome on windows (aee01160a785bcec2bafd54c6a319ce4)] -> xpath: //label[normalize-space()='Yes']]
2023-12-19 21:12:686 INFO  AccountRegisterPage :101 - click On Privacy Policy CheckBox : [[ChromeDriver: chrome on windows (aee01160a785bcec2bafd54c6a319ce4)] -> css selector: input[value='1'][name='agree']]
2023-12-19 21:12:297 INFO  AccountRegisterPage :106 - click On Continue Button : [[ChromeDriver: chrome on windows (aee01160a785bcec2bafd54c6a319ce4)] -> xpath: //input[@value='Continue']]
2023-12-19 21:12:312 INFO  MyAccountPage :35 - Verify The Message Your Account Has Been Created : [[ChromeDriver: chrome on windows (aee01160a785bcec2bafd54c6a319ce4)] -> xpath: //h1[normalize-space()='Your Account Has Been Created!']]
2023-12-19 21:12:334 INFO  MyAccountPage :45 - Click On Continue Account Button : [[ChromeDriver: chrome on windows (aee01160a785bcec2bafd54c6a319ce4)] -> xpath: //a[contains(text(),'Continue')]]
2023-12-19 21:12:770 INFO  HomePage :79 - mouse Hover And Click On account Link : [[ChromeDriver: chrome on windows (aee01160a785bcec2bafd54c6a319ce4)] -> xpath: //span[normalize-space()='My Account']]
2023-12-19 21:12:352 INFO  HomePage :91 - Select Options : Logout
2023-12-19 21:12:367 INFO  MyAccountPage :50 - Verify Text For Account LogOut : [[ChromeDriver: chrome on windows (aee01160a785bcec2bafd54c6a319ce4)] -> xpath: //a[normalize-space()='Logout']]
2023-12-19 21:12:678 INFO  MyAccountPage :56 - Click On Continue LogOut Button : [[ChromeDriver: chrome on windows (aee01160a785bcec2bafd54c6a319ce4)] -> xpath: //a[normalize-space()='Continue']]
